# JRE version: Java(TM) SE Runtime Environment (8.0_40-b26) (build 1.8.0_40-b26)
# Java VM: Java HotSpot(TM) 64-Bit Server VM (25.40-b25 mixed mode windows-amd64 compressed oops)
Heap:
 PSYoungGen      total 27648K, used 23605K [0x00000000d6200000, 0x00000000d8080000, 0x0000000100000000)
  eden space 24064K, 97% used [0x00000000d6200000,0x00000000d79055b8,0x00000000d7980000)
  from space 3584K, 0% used [0x00000000d7d00000,0x00000000d7d08000,0x00000000d8080000)
  to   space 3584K, 0% used [0x00000000d7980000,0x00000000d7980000,0x00000000d7d00000)
 ParOldGen       total 86016K, used 3804K [0x0000000082600000, 0x0000000087a00000, 0x00000000d6200000)
  object space 86016K, 4% used [0x0000000082600000,0x00000000829b70f8,0x0000000087a00000)
 Metaspace       used 16479K, capacity 16742K, committed 17024K, reserved 1064960K
  class space    used 1989K, capacity 2070K, committed 2176K, reserved 1048576K
GC Heap History (10 events):
Event: 59.676 GC heap before
{Heap before GC invocations=22 (full 0):
 PSYoungGen      total 24576K, used 24160K [0x00000000d6200000, 0x00000000d8280000, 0x0000000100000000)
  eden space 24064K, 100% used [0x00000000d6200000,0x00000000d7980000,0x00000000d7980000)
  from space 512K, 18% used [0x00000000d7a00000,0x00000000d7a18000,0x00000000d7a80000)
  to   space 4608K, 0% used [0x00000000d7e00000,0x00000000d7e00000,0x00000000d8280000)
 ParOldGen       total 86016K, used 3788K [0x0000000082600000, 0x0000000087a00000, 0x00000000d6200000)
  object space 86016K, 4% used [0x0000000082600000,0x00000000829b30f8,0x0000000087a00000)
 Metaspace       used 16469K, capacity 16678K, committed 17024K, reserved 1064960K
  class space    used 1988K, capacity 2070K, committed 2176K, reserved 1048576K
Event: 59.680 GC heap after
Heap after GC invocations=22 (full 0):
 PSYoungGen      total 27648K, used 128K [0x00000000d6200000, 0x00000000d8180000, 0x0000000100000000)
  eden space 24064K, 0% used [0x00000000d6200000,0x00000000d6200000,0x00000000d7980000)
  from space 3584K, 3% used [0x00000000d7e00000,0x00000000d7e20000,0x00000000d8180000)
  to   space 4096K, 0% used [0x00000000d7980000,0x00000000d7980000,0x00000000d7d80000)
 ParOldGen       total 86016K, used 3788K [0x0000000082600000, 0x0000000087a00000, 0x00000000d6200000)
  object space 86016K, 4% used [0x0000000082600000,0x00000000829b30f8,0x0000000087a00000)
 Metaspace       used 16469K, capacity 16678K, committed 17024K, reserved 1064960K
  class space    used 1988K, capacity 2070K, committed 2176K, reserved 1048576K
}
Event: 60.735 GC heap before
{Heap before GC invocations=23 (full 0):
 PSYoungGen      total 27648K, used 24192K [0x00000000d6200000, 0x00000000d8180000, 0x0000000100000000)
  eden space 24064K, 100% used [0x00000000d6200000,0x00000000d7980000,0x00000000d7980000)
  from space 3584K, 3% used [0x00000000d7e00000,0x00000000d7e20000,0x00000000d8180000)
  to   space 4096K, 0% used [0x00000000d7980000,0x00000000d7980000,0x00000000d7d80000)
 ParOldGen       total 86016K, used 3788K [0x0000000082600000, 0x0000000087a00000, 0x00000000d6200000)
  object space 86016K, 4% used [0x0000000082600000,0x00000000829b30f8,0x0000000087a00000)
 Metaspace       used 16469K, capacity 16678K, committed 17024K, reserved 1064960K
  class space    used 1988K, capacity 2070K, committed 2176K, reserved 1048576K
Event: 60.737 GC heap after
Heap after GC invocations=23 (full 0):
 PSYoungGen      total 28160K, used 96K [0x00000000d6200000, 0x00000000d8180000, 0x0000000100000000)
  eden space 24064K, 0% used [0x00000000d6200000,0x00000000d6200000,0x00000000d7980000)
  from space 4096K, 2% used [0x00000000d7980000,0x00000000d7998000,0x00000000d7d80000)
  to   space 4096K, 0% used [0x00000000d7d80000,0x00000000d7d80000,0x00000000d8180000)
 ParOldGen       total 86016K, used 3788K [0x0000000082600000, 0x0000000087a00000, 0x00000000d6200000)
  object space 86016K, 4% used [0x0000000082600000,0x00000000829b30f8,0x0000000087a00000)
 Metaspace       used 16469K, capacity 16678K, committed 17024K, reserved 1064960K
  class space    used 1988K, capacity 2070K, committed 2176K, reserved 1048576K
}
Event: 62.185 GC heap before
{Heap before GC invocations=24 (full 0):
 PSYoungGen      total 28160K, used 24160K [0x00000000d6200000, 0x00000000d8180000, 0x0000000100000000)
  eden space 24064K, 100% used [0x00000000d6200000,0x00000000d7980000,0x00000000d7980000)
  from space 4096K, 2% used [0x00000000d7980000,0x00000000d7998000,0x00000000d7d80000)
  to   space 4096K, 0% used [0x00000000d7d80000,0x00000000d7d80000,0x00000000d8180000)
 ParOldGen       total 86016K, used 3788K [0x0000000082600000, 0x0000000087a00000, 0x00000000d6200000)
  object space 86016K, 4% used [0x0000000082600000,0x00000000829b30f8,0x0000000087a00000)
 Metaspace       used 16469K, capacity 16678K, committed 17024K, reserved 1064960K
  class space    used 1988K, capacity 2070K, committed 2176K, reserved 1048576K
Event: 62.188 GC heap after
Heap after GC invocations=24 (full 0):
 PSYoungGen      total 27136K, used 64K [0x00000000d6200000, 0x00000000d8080000, 0x0000000100000000)
  eden space 24064K, 0% used [0x00000000d6200000,0x00000000d6200000,0x00000000d7980000)
  from space 3072K, 2% used [0x00000000d7d80000,0x00000000d7d90000,0x00000000d8080000)
  to   space 3584K, 0% used [0x00000000d7980000,0x00000000d7980000,0x00000000d7d00000)
 ParOldGen       total 86016K, used 3796K [0x0000000082600000, 0x0000000087a00000, 0x00000000d6200000)
  object space 86016K, 4% used [0x0000000082600000,0x00000000829b50f8,0x0000000087a00000)
 Metaspace       used 16469K, capacity 16678K, committed 17024K, reserved 1064960K
  class space    used 1988K, capacity 2070K, committed 2176K, reserved 1048576K
}
Event: 62.821 GC heap before
{Heap before GC invocations=25 (full 0):
 PSYoungGen      total 27136K, used 24128K [0x00000000d6200000, 0x00000000d8080000, 0x0000000100000000)
  eden space 24064K, 100% used [0x00000000d6200000,0x00000000d7980000,0x00000000d7980000)
  from space 3072K, 2% used [0x00000000d7d80000,0x00000000d7d90000,0x00000000d8080000)
  to   space 3584K, 0% used [0x00000000d7980000,0x00000000d7980000,0x00000000d7d00000)
 ParOldGen       total 86016K, used 3796K [0x0000000082600000, 0x0000000087a00000, 0x00000000d6200000)
  object space 86016K, 4% used [0x0000000082600000,0x00000000829b50f8,0x0000000087a00000)
 Metaspace       used 16469K, capacity 16678K, committed 17024K, reserved 1064960K
  class space    used 1988K, capacity 2070K, committed 2176K, reserved 1048576K
Event: 62.822 GC heap after
Heap after GC invocations=25 (full 0):
 PSYoungGen      total 27648K, used 32K [0x00000000d6200000, 0x00000000d8080000, 0x0000000100000000)
  eden space 24064K, 0% used [0x00000000d6200000,0x00000000d6200000,0x00000000d7980000)
  from space 3584K, 0% used [0x00000000d7980000,0x00000000d7988000,0x00000000d7d00000)
  to   space 3584K, 0% used [0x00000000d7d00000,0x00000000d7d00000,0x00000000d8080000)
 ParOldGen       total 86016K, used 3804K [0x0000000082600000, 0x0000000087a00000, 0x00000000d6200000)
  object space 86016K, 4% used [0x0000000082600000,0x00000000829b70f8,0x0000000087a00000)
 Metaspace       used 16469K, capacity 16678K, committed 17024K, reserved 1064960K
  class space    used 1988K, capacity 2070K, committed 2176K, reserved 1048576K
}
Event: 63.580 GC heap before
{Heap before GC invocations=26 (full 0):
 PSYoungGen      total 27648K, used 24096K [0x00000000d6200000, 0x00000000d8080000, 0x0000000100000000)
  eden space 24064K, 100% used [0x00000000d6200000,0x00000000d7980000,0x00000000d7980000)
  from space 3584K, 0% used [0x00000000d7980000,0x00000000d7988000,0x00000000d7d00000)
  to   space 3584K, 0% used [0x00000000d7d00000,0x00000000d7d00000,0x00000000d8080000)
 ParOldGen       total 86016K, used 3804K [0x0000000082600000, 0x0000000087a00000, 0x00000000d6200000)
  object space 86016K, 4% used [0x0000000082600000,0x00000000829b70f8,0x0000000087a00000)
 Metaspace       used 16469K, capacity 16678K, committed 17024K, reserved 1064960K
  class space    used 1988K, capacity 2070K, committed 2176K, reserved 1048576K
Event: 63.582 GC heap after
Heap after GC invocations=26 (full 0):
 PSYoungGen      total 27648K, used 32K [0x00000000d6200000, 0x00000000d8080000, 0x0000000100000000)
  eden space 24064K, 0% used [0x00000000d6200000,0x00000000d6200000,0x00000000d7980000)
  from space 3584K, 0% used [0x00000000d7d00000,0x00000000d7d08000,0x00000000d8080000)
  to   space 3584K, 0% used [0x00000000d7980000,0x00000000d7980000,0x00000000d7d00000)
 ParOldGen       total 86016K, used 3804K [0x0000000082600000, 0x0000000087a00000, 0x00000000d6200000)
  object space 86016K, 4% used [0x0000000082600000,0x00000000829b70f8,0x0000000087a00000)
 Metaspace       used 16469K, capacity 16678K, committed 17024K, reserved 1064960K
  class space    used 1988K, capacity 2070K, committed 2176K, reserved 1048576K
}

